<?xml version="1.0" encoding="UTF-8"?>
<testsuites>
    <testsuite name="imdb-sing-in;sign-in-with-imdb" tests="6" failures="0" skipped="0">
        <properties>
            <property name="URI" value="C:\Users\sharr\OneDrive\Skrivbord\imdb-group-c\features\imdb-signin.feature">
            </property>
        </properties>
        <testcase name="Given that I am at the IMDb sing in option page" classname="imdb-sing-in;sign-in-with-imdb" time="4.2491155">
        </testcase>
        <testcase name="When click the on Sing in with IMDb" classname="imdb-sing-in;sign-in-with-imdb" time="0.44321">
        </testcase>
        <testcase name="And type in the email : &quot;anton.fransen@hotmail.com&quot;" classname="imdb-sing-in;sign-in-with-imdb" time="0.1063105">
        </testcase>
        <testcase name="And type in the password : &quot;gifflar125&quot;" classname="imdb-sing-in;sign-in-with-imdb" time="0.031427901">
        </testcase>
        <testcase name="And click sing in" classname="imdb-sing-in;sign-in-with-imdb" time="2.919296001">
        </testcase>
        <testcase name="Then I should get singnd in" classname="imdb-sing-in;sign-in-with-imdb" time="0.0183947">
        </testcase>
    </testsuite>
    <testsuite name="imdb-sing-in;sign-in-with-imdb" tests="5" failures="1" skipped="0">
        <properties>
            <property name="URI" value="C:\Users\sharr\OneDrive\Skrivbord\imdb-group-c\features\imdb-signin.feature">
            </property>
        </properties>
        <testcase name="Given that I am at the IMDb sing in option page" classname="imdb-sing-in;sign-in-with-imdb" time="4.245899">
        </testcase>
        <testcase name="When click the on Sing in with IMDb" classname="imdb-sing-in;sign-in-with-imdb" time="0.4454112">
        </testcase>
        <testcase name="And type in the email : &quot;anton.fransen@hotmail.com&quot;" classname="imdb-sing-in;sign-in-with-imdb" time="0.052342799">
        </testcase>
        <testcase name="And type in the password : &quot;gifflar125&quot; + hit ENTER" classname="imdb-sing-in;sign-in-with-imdb" time="0.059293301">
        </testcase>
        <testcase name="Then I should get singnd in" classname="imdb-sing-in;sign-in-with-imdb" time="0.0058244">
            <failure message="NoSuchElementError: Unable to locate element: .ipc-button__text">NoSuchElementError: Unable to locate element: .ipc-button__text
    at Object.throwDecodedError (C:\Users\sharr\OneDrive\Skrivbord\imdb-group-c\node_modules\selenium-webdriver\lib\error.js:497:15)
    at parseHttpResponse (C:\Users\sharr\OneDrive\Skrivbord\imdb-group-c\node_modules\selenium-webdriver\lib\http.js:519:13)
    at C:\Users\sharr\OneDrive\Skrivbord\imdb-group-c\node_modules\selenium-webdriver\lib\http.js:441:30
    at processTicksAndRejections (internal/process/task_queues.js:93:5)
From: Task: WebDriver.findElement(By(css selector, .ipc-button__text))
    at thenableWebDriverProxy.schedule (C:\Users\sharr\OneDrive\Skrivbord\imdb-group-c\node_modules\selenium-webdriver\lib\webdriver.js:807:17)
    at thenableWebDriverProxy.findElement (C:\Users\sharr\OneDrive\Skrivbord\imdb-group-c\node_modules\selenium-webdriver\lib\webdriver.js:1014:17)
    at createWorld.&lt;anonymous&gt; (C:\Users\sharr\OneDrive\Skrivbord\imdb-group-c\step-definitions\imbd-signin.js:54:33)
    at processTicksAndRejections (internal/process/task_queues.js:75:11)</failure>
        </testcase>
    </testsuite>
</testsuites>