<?xml version="1.0" encoding="UTF-8"?>
<testsuites>
    <testsuite name="find-different-credits-after-a-search;see-if-an-actor-has-any-other-credits:" tests="5" failures="1" skipped="0">
        <properties>
            <property name="URI" value="C:\Users\srcha\Google Drive\Skola\dev\imdb-group-c\features\search-credits.feature">
            </property>
        </properties>
        <testcase name="Given that I am at the IMDB website" classname="find-different-credits-after-a-search;see-if-an-actor-has-any-other-credits:" time="6.899132401">
        </testcase>
        <testcase name="When I have selected the Celebs from the drop down menu next to the search bar" classname="find-different-credits-after-a-search;see-if-an-actor-has-any-other-credits:" time="0.3653118">
        </testcase>
        <testcase name="When I enter &quot;Arnold Schwarzenegger&quot; in the searchbox and hit enter" classname="find-different-credits-after-a-search;see-if-an-actor-has-any-other-credits:" time="3.4359699">
        </testcase>
        <testcase name="And I click on the first result for &quot;Arnold Schwarzenegger&quot;" classname="find-different-credits-after-a-search;see-if-an-actor-has-any-other-credits:" time="2.209054001">
        </testcase>
        <testcase name="Then I should see credits under &quot;Arnold Schwarzenegger&quot;´s filmography" classname="find-different-credits-after-a-search;see-if-an-actor-has-any-other-credits:" time="0.0002346">
            <failure message="function has 0 arguments, should have 1 (if synchronous or returning a promise) or 2 (if accepting a callback)">function has 0 arguments, should have 1 (if synchronous or returning a promise) or 2 (if accepting a callback)</failure>
        </testcase>
    </testsuite>
    <testsuite name="find-different-credits-after-a-search;see-if-an-actor-has-any-other-credits:" tests="5" failures="1" skipped="0">
        <properties>
            <property name="URI" value="C:\Users\srcha\Google Drive\Skola\dev\imdb-group-c\features\search-credits.feature">
            </property>
        </properties>
        <testcase name="Given that I am at the IMDB website" classname="find-different-credits-after-a-search;see-if-an-actor-has-any-other-credits:" time="9.089259701">
        </testcase>
        <testcase name="When I have selected the Celebs from the drop down menu next to the search bar" classname="find-different-credits-after-a-search;see-if-an-actor-has-any-other-credits:" time="0.708532599">
        </testcase>
        <testcase name="When I enter &quot;John Krasinski&quot; in the searchbox and hit enter" classname="find-different-credits-after-a-search;see-if-an-actor-has-any-other-credits:" time="3.485263299">
        </testcase>
        <testcase name="And I click on the first result for &quot;John Krasinski&quot;" classname="find-different-credits-after-a-search;see-if-an-actor-has-any-other-credits:" time="2.2614168">
        </testcase>
        <testcase name="Then I should see credits under &quot;John Krasinski&quot;´s filmography" classname="find-different-credits-after-a-search;see-if-an-actor-has-any-other-credits:" time="0.0000439">
            <failure message="function has 0 arguments, should have 1 (if synchronous or returning a promise) or 2 (if accepting a callback)">function has 0 arguments, should have 1 (if synchronous or returning a promise) or 2 (if accepting a callback)</failure>
        </testcase>
    </testsuite>
</testsuites>