<?xml version="1.0" encoding="UTF-8"?>
<testsuites>
    <testsuite name="imdb-most-popular-tv-shows;sort-list-by-imdb-rating" tests="6" failures="0" skipped="2">
        <properties>
            <property name="URI" value="C:\Users\insik\Documents\New folder\imdb-group-c\imdb-group-c\features\imdb-most-popular-tv-shows.feature">
            </property>
        </properties>
        <testcase name="Given that i am on the IMDB front page" classname="imdb-most-popular-tv-shows;sort-list-by-imdb-rating" time="8.7636212">
        </testcase>
        <testcase name="And i have clicked on the menu button" classname="imdb-most-popular-tv-shows;sort-list-by-imdb-rating" time="0.060499001">
        </testcase>
        <testcase name="And i have clicked on most popular shows" classname="imdb-most-popular-tv-shows;sort-list-by-imdb-rating" time="2.9164703">
        </testcase>
        <testcase name="And that I am on the most popular TV shows page sorted by ranking" classname="imdb-most-popular-tv-shows;sort-list-by-imdb-rating" time="0.010418001">
        </testcase>
        <testcase name="When I select sort by IMDB rating in the sort by box" classname="imdb-most-popular-tv-shows;sort-list-by-imdb-rating">
            <skipped message="">
            </skipped>
        </testcase>
        <testcase name="Then the list should be sorted by IMDB rating" classname="imdb-most-popular-tv-shows;sort-list-by-imdb-rating">
            <skipped message="">
            </skipped>
        </testcase>
    </testsuite>
    <testsuite name="imdb-most-popular-tv-shows;sort-list-by-release-date" tests="6" failures="0" skipped="2">
        <properties>
            <property name="URI" value="C:\Users\insik\Documents\New folder\imdb-group-c\imdb-group-c\features\imdb-most-popular-tv-shows.feature">
            </property>
        </properties>
        <testcase name="Given that i am on the IMDB front page" classname="imdb-most-popular-tv-shows;sort-list-by-release-date" time="7.232878099">
        </testcase>
        <testcase name="And i have clicked on the menu button" classname="imdb-most-popular-tv-shows;sort-list-by-release-date" time="0.0587296">
        </testcase>
        <testcase name="And i have clicked on most popular shows" classname="imdb-most-popular-tv-shows;sort-list-by-release-date" time="5.0590715">
        </testcase>
        <testcase name="And that I am on the most popular TV shows page sorted by ranking" classname="imdb-most-popular-tv-shows;sort-list-by-release-date" time="0.0099837">
        </testcase>
        <testcase name="When I select sort by release date in the sort by box" classname="imdb-most-popular-tv-shows;sort-list-by-release-date">
            <skipped message="">
            </skipped>
        </testcase>
        <testcase name="Then the list should be sorted by release date" classname="imdb-most-popular-tv-shows;sort-list-by-release-date">
            <skipped message="">
            </skipped>
        </testcase>
    </testsuite>
    <testsuite name="imdb-most-popular-tv-shows;sort-list-by-number-of-ratings" tests="6" failures="0" skipped="1">
        <properties>
            <property name="URI" value="C:\Users\insik\Documents\New folder\imdb-group-c\imdb-group-c\features\imdb-most-popular-tv-shows.feature">
            </property>
        </properties>
        <testcase name="Given that i am on the IMDB front page" classname="imdb-most-popular-tv-shows;sort-list-by-number-of-ratings" time="8.5942901">
        </testcase>
        <testcase name="And i have clicked on the menu button" classname="imdb-most-popular-tv-shows;sort-list-by-number-of-ratings" time="0.059122199">
        </testcase>
        <testcase name="And i have clicked on most popular shows" classname="imdb-most-popular-tv-shows;sort-list-by-number-of-ratings" time="2.7452872">
        </testcase>
        <testcase name="And that I am on the most popular TV shows page sorted by ranking" classname="imdb-most-popular-tv-shows;sort-list-by-number-of-ratings" time="0.0073113">
        </testcase>
        <testcase name="When I select sort by number of ratings in the sort by box" classname="imdb-most-popular-tv-shows;sort-list-by-number-of-ratings" time="0.060586">
        </testcase>
        <testcase name="Then the list should be sorted by number of ratings" classname="imdb-most-popular-tv-shows;sort-list-by-number-of-ratings">
            <skipped message="">
            </skipped>
        </testcase>
    </testsuite>
</testsuites>