<?xml version="1.0" encoding="UTF-8"?>
<testsuites>
    <testsuite name="imdb-top-rated-tv-shows;sort-top-rated-list-by-imdb-rating" tests="6" failures="0" skipped="1">
        <properties>
            <property name="URI" value="C:\Users\insik\Documents\New folder\imdb-group-c\imdb-group-c\features\imdb-top-rated-tv-shows.feature">
            </property>
        </properties>
        <testcase name="Given that i am on the IMDB front page" classname="imdb-top-rated-tv-shows;sort-top-rated-list-by-imdb-rating" time="7.424247501">
        </testcase>
        <testcase name="And i have clicked on the menu button" classname="imdb-top-rated-tv-shows;sort-top-rated-list-by-imdb-rating" time="1.0147717">
        </testcase>
        <testcase name="And i have clicked on top rated shows" classname="imdb-top-rated-tv-shows;sort-top-rated-list-by-imdb-rating" time="2.846598301">
        </testcase>
        <testcase name="And that I am on the top rated TV shows page sorted by ranking" classname="imdb-top-rated-tv-shows;sort-top-rated-list-by-imdb-rating" time="0.077141801">
        </testcase>
        <testcase name="When I select sort by IMDB rating in the sort by box" classname="imdb-top-rated-tv-shows;sort-top-rated-list-by-imdb-rating" time="1.009933399">
        </testcase>
        <testcase name="Then the list should be sorted by IMDB rating" classname="imdb-top-rated-tv-shows;sort-top-rated-list-by-imdb-rating">
            <skipped message="">
            </skipped>
        </testcase>
    </testsuite>
    <testsuite name="imdb-top-rated-tv-shows;sort-top-rated-list-by-number-of-ratings" tests="6" failures="0" skipped="1">
        <properties>
            <property name="URI" value="C:\Users\insik\Documents\New folder\imdb-group-c\imdb-group-c\features\imdb-top-rated-tv-shows.feature">
            </property>
        </properties>
        <testcase name="Given that i am on the IMDB front page" classname="imdb-top-rated-tv-shows;sort-top-rated-list-by-number-of-ratings" time="6.5647719">
        </testcase>
        <testcase name="And i have clicked on the menu button" classname="imdb-top-rated-tv-shows;sort-top-rated-list-by-number-of-ratings" time="1.007570099">
        </testcase>
        <testcase name="And i have clicked on top rated shows" classname="imdb-top-rated-tv-shows;sort-top-rated-list-by-number-of-ratings" time="2.674947399">
        </testcase>
        <testcase name="And that I am on the top rated TV shows page sorted by ranking" classname="imdb-top-rated-tv-shows;sort-top-rated-list-by-number-of-ratings" time="0.0648787">
        </testcase>
        <testcase name="When I select sort by number of ratings in the sort by box" classname="imdb-top-rated-tv-shows;sort-top-rated-list-by-number-of-ratings" time="1.010889299">
        </testcase>
        <testcase name="Then the list should be sorted by number of ratings" classname="imdb-top-rated-tv-shows;sort-top-rated-list-by-number-of-ratings">
            <skipped message="">
            </skipped>
        </testcase>
    </testsuite>
    <testsuite name="imdb-top-rated-tv-shows;sort-top-rated-list-by-release-date" tests="6" failures="1" skipped="0">
        <properties>
            <property name="URI" value="C:\Users\insik\Documents\New folder\imdb-group-c\imdb-group-c\features\imdb-top-rated-tv-shows.feature">
            </property>
        </properties>
        <testcase name="Given that i am on the IMDB front page" classname="imdb-top-rated-tv-shows;sort-top-rated-list-by-release-date" time="6.0616533">
        </testcase>
        <testcase name="And i have clicked on the menu button" classname="imdb-top-rated-tv-shows;sort-top-rated-list-by-release-date" time="1.0161163">
        </testcase>
        <testcase name="And i have clicked on top rated shows" classname="imdb-top-rated-tv-shows;sort-top-rated-list-by-release-date" time="2.575081701">
        </testcase>
        <testcase name="And that I am on the top rated TV shows page sorted by ranking" classname="imdb-top-rated-tv-shows;sort-top-rated-list-by-release-date" time="0.061087799">
        </testcase>
        <testcase name="When I select sort by release date in the sort by box" classname="imdb-top-rated-tv-shows;sort-top-rated-list-by-release-date" time="1.0165686">
        </testcase>
        <testcase name="Then the list should be sorted by release date" classname="imdb-top-rated-tv-shows;sort-top-rated-list-by-release-date" time="1.696605701">
            <failure message="AssertionError: [message]: expected &apos;Release Date&apos; to deeply equal &apos;&apos;">AssertionError: [message]: expected &apos;Release Date&apos; to deeply equal &apos;&apos;
    at Function.assert.deepEqual (C:\Users\insik\Documents\New folder\imdb-group-c\imdb-group-c\node_modules\selenium-cucumber-js\node_modules\chai\lib\chai\interface\assert.js:216:32)
    at createWorld.&lt;anonymous&gt; (C:\Users\insik\Documents\New folder\imdb-group-c\imdb-group-c\step-definitions\imdb-menu-tv-shows.js:91:16)
    at processTicksAndRejections (internal/process/task_queues.js:93:5)</failure>
        </testcase>
    </testsuite>
</testsuites>