<?xml version="1.0" encoding="UTF-8"?>
<testsuites>
<<<<<<< Updated upstream
<<<<<<< HEAD
    <testsuite name="imdb-most-popular-movies;sort-list-by-imdb-ratings" tests="6" failures="0" skipped="0">
        <properties>
            <property name="URI" value="C:\Users\matti\OneDrive\Skrivbord\Programming\imdb-group-c\features\imdb-most-popular-movies.feature">
            </property>
        </properties>
        <testcase name="Given that I am at the IMDB homepage" classname="imdb-most-popular-movies;sort-list-by-imdb-ratings" time="8.2133094">
        </testcase>
        <testcase name="And I have clicked on the menu button" classname="imdb-most-popular-movies;sort-list-by-imdb-ratings" time="2.0157338">
        </testcase>
        <testcase name="And I have clicked on most popular movies" classname="imdb-most-popular-movies;sort-list-by-imdb-ratings" time="3.768850001">
        </testcase>
        <testcase name="And that I am on the popular movies page sorted by ranking" classname="imdb-most-popular-movies;sort-list-by-imdb-ratings" time="0.014771701">
        </testcase>
        <testcase name="When I select sort by IMDB ratings in the sort-by box" classname="imdb-most-popular-movies;sort-list-by-imdb-ratings" time="2.0377343">
        </testcase>
        <testcase name="Then the list should re-sort by IMDB ratings" classname="imdb-most-popular-movies;sort-list-by-imdb-ratings" time="1.8870513">
        </testcase>
    </testsuite>
    <testsuite name="imdb-most-popular-movies;sort-list-by-release-date" tests="6" failures="0" skipped="0">
        <properties>
            <property name="URI" value="C:\Users\matti\OneDrive\Skrivbord\Programming\imdb-group-c\features\imdb-most-popular-movies.feature">
            </property>
        </properties>
        <testcase name="Given that I am at the IMDB homepage" classname="imdb-most-popular-movies;sort-list-by-release-date" time="8.1027628">
        </testcase>
        <testcase name="And I have clicked on the menu button" classname="imdb-most-popular-movies;sort-list-by-release-date" time="2.0124692">
        </testcase>
        <testcase name="And I have clicked on most popular movies" classname="imdb-most-popular-movies;sort-list-by-release-date" time="3.4287508">
        </testcase>
        <testcase name="And that I am on the popular movies page sorted by ranking" classname="imdb-most-popular-movies;sort-list-by-release-date" time="0.010437999">
        </testcase>
        <testcase name="When I select sort by release date in the sort-by box" classname="imdb-most-popular-movies;sort-list-by-release-date" time="2.0131899">
        </testcase>
        <testcase name="Then the list should re-sort by release date" classname="imdb-most-popular-movies;sort-list-by-release-date" time="1.847240901">
        </testcase>
    </testsuite>
    <testsuite name="imdb-most-popular-movies;sort-list-by-number-of-ratings" tests="6" failures="0" skipped="0">
        <properties>
            <property name="URI" value="C:\Users\matti\OneDrive\Skrivbord\Programming\imdb-group-c\features\imdb-most-popular-movies.feature">
            </property>
        </properties>
        <testcase name="Given that I am at the IMDB homepage" classname="imdb-most-popular-movies;sort-list-by-number-of-ratings" time="7.8640411">
        </testcase>
        <testcase name="And I have clicked on the menu button" classname="imdb-most-popular-movies;sort-list-by-number-of-ratings" time="2.0134868">
        </testcase>
        <testcase name="And I have clicked on most popular movies" classname="imdb-most-popular-movies;sort-list-by-number-of-ratings" time="3.9021061">
        </testcase>
        <testcase name="And that I am on the popular movies page sorted by ranking" classname="imdb-most-popular-movies;sort-list-by-number-of-ratings" time="0.007155799">
        </testcase>
        <testcase name="When I select sort by number of ratings in the sort-by box" classname="imdb-most-popular-movies;sort-list-by-number-of-ratings" time="2.023132601">
        </testcase>
        <testcase name="Then the list should re-sort by number of ratings" classname="imdb-most-popular-movies;sort-list-by-number-of-ratings" time="1.626564799">
=======
    <testsuite name="imdb-search;search-for-keywords-using-the-&quot;all&quot;-filter" tests="5" failures="0" skipped="0">
=======
    <testsuite name="imdb-sing-in;sign-in-with-imdb" tests="6" failures="0" skipped="0">
>>>>>>> Stashed changes
        <properties>
<<<<<<< HEAD
            <property name="URI" value="C:\Users\sharr\OneDrive\Skrivbord\imdb-group-c\features\imdb-search.feature">
            </property>
        </properties>
        <testcase name="Given that I am at the IMDB website" classname="imdb-search;search-for-keywords-using-the-&quot;all&quot;-filter" time="7.3436449">
        </testcase>
        <testcase name="And I have selected the &quot;All&quot; filter from the drop down menu" classname="imdb-search;search-for-keywords-using-the-&quot;all&quot;-filter" time="1.5057269">
        </testcase>
        <testcase name="When I enter &quot;Avatar&quot; in the search field" classname="imdb-search;search-for-keywords-using-the-&quot;all&quot;-filter" time="0.0902414">
        </testcase>
        <testcase name="And I click the search button" classname="imdb-search;search-for-keywords-using-the-&quot;all&quot;-filter" time="0.0366075">
        </testcase>
        <testcase name="Then I get a list of results" classname="imdb-search;search-for-keywords-using-the-&quot;all&quot;-filter" time="1.7764973">
        </testcase>
    </testsuite>
    <testsuite name="imdb-search;search-for-keywords-using-the-&quot;all&quot;-filter" tests="5" failures="0" skipped="0">
        <properties>
            <property name="URI" value="C:\Users\sharr\OneDrive\Skrivbord\imdb-group-c\features\imdb-search.feature">
            </property>
        </properties>
        <testcase name="Given that I am at the IMDB website" classname="imdb-search;search-for-keywords-using-the-&quot;all&quot;-filter" time="7.3677497">
        </testcase>
        <testcase name="And I have selected the &quot;All&quot; filter from the drop down menu" classname="imdb-search;search-for-keywords-using-the-&quot;all&quot;-filter" time="1.6233694">
        </testcase>
        <testcase name="When I enter &quot;Breaking Bad&quot; in the search field" classname="imdb-search;search-for-keywords-using-the-&quot;all&quot;-filter" time="0.0684938">
        </testcase>
        <testcase name="And I click the search button" classname="imdb-search;search-for-keywords-using-the-&quot;all&quot;-filter" time="0.051289">
        </testcase>
        <testcase name="Then I get a list of results" classname="imdb-search;search-for-keywords-using-the-&quot;all&quot;-filter" time="1.421299999">
        </testcase>
    </testsuite>
    <testsuite name="imdb-search;search-for-keywords-using-the-&quot;celebs&quot;-filter" tests="5" failures="0" skipped="0">
        <properties>
            <property name="URI" value="C:\Users\sharr\OneDrive\Skrivbord\imdb-group-c\features\imdb-search.feature">
            </property>
        </properties>
        <testcase name="Given that I am at the IMDB website" classname="imdb-search;search-for-keywords-using-the-&quot;celebs&quot;-filter" time="6.2970098">
        </testcase>
        <testcase name="And I have selected the &quot;Celebs&quot; filter from the drop down menu" classname="imdb-search;search-for-keywords-using-the-&quot;celebs&quot;-filter" time="1.499214601">
        </testcase>
        <testcase name="When I enter &quot;Ben Affleck&quot; in the search field" classname="imdb-search;search-for-keywords-using-the-&quot;celebs&quot;-filter" time="0.083631999">
        </testcase>
        <testcase name="And I click the search button" classname="imdb-search;search-for-keywords-using-the-&quot;celebs&quot;-filter" time="0.0368702">
        </testcase>
        <testcase name="Then I get a list of results" classname="imdb-search;search-for-keywords-using-the-&quot;celebs&quot;-filter" time="1.410630699">
        </testcase>
    </testsuite>
    <testsuite name="imdb-search;search-for-keywords-using-the-&quot;celebs&quot;-filter" tests="5" failures="0" skipped="0">
        <properties>
            <property name="URI" value="C:\Users\sharr\OneDrive\Skrivbord\imdb-group-c\features\imdb-search.feature">
            </property>
        </properties>
        <testcase name="Given that I am at the IMDB website" classname="imdb-search;search-for-keywords-using-the-&quot;celebs&quot;-filter" time="10.8543437">
        </testcase>
        <testcase name="And I have selected the &quot;Celebs&quot; filter from the drop down menu" classname="imdb-search;search-for-keywords-using-the-&quot;celebs&quot;-filter" time="1.5815901">
        </testcase>
        <testcase name="When I enter &quot;Halle Berry&quot; in the search field" classname="imdb-search;search-for-keywords-using-the-&quot;celebs&quot;-filter" time="0.1044046">
        </testcase>
        <testcase name="And I click the search button" classname="imdb-search;search-for-keywords-using-the-&quot;celebs&quot;-filter" time="0.046705399">
        </testcase>
        <testcase name="Then I get a list of results" classname="imdb-search;search-for-keywords-using-the-&quot;celebs&quot;-filter" time="1.627671099">
        </testcase>
    </testsuite>
    <testsuite name="imdb-search;search-for-keywords-using-the-&quot;celebs&quot;-filter" tests="5" failures="0" skipped="0">
        <properties>
            <property name="URI" value="C:\Users\sharr\OneDrive\Skrivbord\imdb-group-c\features\imdb-search.feature">
            </property>
        </properties>
        <testcase name="Given that I am at the IMDB website" classname="imdb-search;search-for-keywords-using-the-&quot;celebs&quot;-filter" time="8.2336428">
        </testcase>
        <testcase name="And I have selected the &quot;Celebs&quot; filter from the drop down menu" classname="imdb-search;search-for-keywords-using-the-&quot;celebs&quot;-filter" time="1.5934612">
        </testcase>
        <testcase name="When I enter &quot;Avatar&quot; in the search field" classname="imdb-search;search-for-keywords-using-the-&quot;celebs&quot;-filter" time="0.112927701">
        </testcase>
        <testcase name="And I click the search button" classname="imdb-search;search-for-keywords-using-the-&quot;celebs&quot;-filter" time="0.1931541">
        </testcase>
        <testcase name="Then I get a list of results" classname="imdb-search;search-for-keywords-using-the-&quot;celebs&quot;-filter" time="3.0567103">
        </testcase>
    </testsuite>
    <testsuite name="imdb-search;search-for-keywords-using-the-&quot;keywords&quot;-filter" tests="5" failures="0" skipped="0">
        <properties>
            <property name="URI" value="C:\Users\sharr\OneDrive\Skrivbord\imdb-group-c\features\imdb-search.feature">
            </property>
        </properties>
        <testcase name="Given that I am at the IMDB website" classname="imdb-search;search-for-keywords-using-the-&quot;keywords&quot;-filter" time="7.888762">
        </testcase>
        <testcase name="And I have selected the &quot;Keywords&quot; filter from the drop down menu" classname="imdb-search;search-for-keywords-using-the-&quot;keywords&quot;-filter" time="1.641057">
        </testcase>
        <testcase name="When I enter &quot;Cars&quot; in the search field" classname="imdb-search;search-for-keywords-using-the-&quot;keywords&quot;-filter" time="0.0745328">
        </testcase>
        <testcase name="And I click the search button" classname="imdb-search;search-for-keywords-using-the-&quot;keywords&quot;-filter" time="0.0579259">
        </testcase>
        <testcase name="Then I get a list of results" classname="imdb-search;search-for-keywords-using-the-&quot;keywords&quot;-filter" time="3.040554799">
        </testcase>
    </testsuite>
    <testsuite name="imdb-search;search-for-keywords-using-the-&quot;keywords&quot;-filter" tests="5" failures="0" skipped="0">
        <properties>
            <property name="URI" value="C:\Users\sharr\OneDrive\Skrivbord\imdb-group-c\features\imdb-search.feature">
            </property>
        </properties>
        <testcase name="Given that I am at the IMDB website" classname="imdb-search;search-for-keywords-using-the-&quot;keywords&quot;-filter" time="6.055349401">
        </testcase>
        <testcase name="And I have selected the &quot;Keywords&quot; filter from the drop down menu" classname="imdb-search;search-for-keywords-using-the-&quot;keywords&quot;-filter" time="1.4910885">
        </testcase>
        <testcase name="When I enter &quot;Clown&quot; in the search field" classname="imdb-search;search-for-keywords-using-the-&quot;keywords&quot;-filter" time="0.0534032">
        </testcase>
        <testcase name="And I click the search button" classname="imdb-search;search-for-keywords-using-the-&quot;keywords&quot;-filter" time="0.0308888">
        </testcase>
        <testcase name="Then I get a list of results" classname="imdb-search;search-for-keywords-using-the-&quot;keywords&quot;-filter" time="3.990356">
        </testcase>
    </testsuite>
    <testsuite name="imdb-search;search-for-a-tv-episode-using-the-&quot;tv-episodes&quot;-filter" tests="5" failures="0" skipped="3">
        <properties>
            <property name="URI" value="C:\Users\sharr\OneDrive\Skrivbord\imdb-group-c\features\imdb-search.feature">
            </property>
        </properties>
        <testcase name="Given that i am at the IMDB website" classname="imdb-search;search-for-a-tv-episode-using-the-&quot;tv-episodes&quot;-filter" time="8.4630704">
        </testcase>
        <testcase name="And i have selected the &quot;Tv Episodes&quot; filter from the drop down menu" classname="imdb-search;search-for-a-tv-episode-using-the-&quot;tv-episodes&quot;-filter" time="0.9627055">
        </testcase>
        <testcase name="When i enter &quot;The Kardashians&quot; in the search field" classname="imdb-search;search-for-a-tv-episode-using-the-&quot;tv-episodes&quot;-filter">
            <skipped message="">
            </skipped>
        </testcase>
        <testcase name="And i click the search button" classname="imdb-search;search-for-a-tv-episode-using-the-&quot;tv-episodes&quot;-filter">
            <skipped message="">
            </skipped>
        </testcase>
        <testcase name="Then i get a list of results" classname="imdb-search;search-for-a-tv-episode-using-the-&quot;tv-episodes&quot;-filter">
            <skipped message="">
            </skipped>
        </testcase>
    </testsuite>
    <testsuite name="imdb-search;search-for-a-tv-episode-using-the-&quot;tv-episodes&quot;-filter" tests="5" failures="0" skipped="3">
        <properties>
            <property name="URI" value="C:\Users\sharr\OneDrive\Skrivbord\imdb-group-c\features\imdb-search.feature">
            </property>
        </properties>
        <testcase name="Given that i am at the IMDB website" classname="imdb-search;search-for-a-tv-episode-using-the-&quot;tv-episodes&quot;-filter" time="6.3049522">
        </testcase>
        <testcase name="And i have selected the &quot;Tv Episodes&quot; filter from the drop down menu" classname="imdb-search;search-for-a-tv-episode-using-the-&quot;tv-episodes&quot;-filter" time="0.548575699">
        </testcase>
        <testcase name="When i enter &quot;The Walking Dead&quot; in the search field" classname="imdb-search;search-for-a-tv-episode-using-the-&quot;tv-episodes&quot;-filter">
            <skipped message="">
            </skipped>
        </testcase>
        <testcase name="And i click the search button" classname="imdb-search;search-for-a-tv-episode-using-the-&quot;tv-episodes&quot;-filter">
            <skipped message="">
            </skipped>
        </testcase>
        <testcase name="Then i get a list of results" classname="imdb-search;search-for-a-tv-episode-using-the-&quot;tv-episodes&quot;-filter">
=======
            <property name="URI" value="C:\Users\admin.LANTBOFF4275\Desktop\Dev\imdb-group-c\features\imbd-signin.feature">
            </property>
        </properties>
        <testcase name="Given that I am at the IMDb sing in option page" classname="imdb-sing-in;sign-in-with-imdb" time="9.6132832">
        </testcase>
        <testcase name="When click the on Sing in with IMDb" classname="imdb-sing-in;sign-in-with-imdb" time="0.8203631">
        </testcase>
        <testcase name="And type in the email : &quot;anton.fransen@hotmail.com&quot;" classname="imdb-sing-in;sign-in-with-imdb" time="0.1229622">
        </testcase>
        <testcase name="And type in the password : &quot;gifflar125&quot;" classname="imdb-sing-in;sign-in-with-imdb" time="0.0902875">
        </testcase>
        <testcase name="And click sing in" classname="imdb-sing-in;sign-in-with-imdb" time="8.6063979">
        </testcase>
        <testcase name="Then I should get singnd in" classname="imdb-sing-in;sign-in-with-imdb" time="0.1359356">
        </testcase>
    </testsuite>
    <testsuite name="imdb-sing-in;sign-in-with-imdb" tests="5" failures="1" skipped="0">
        <properties>
            <property name="URI" value="C:\Users\admin.LANTBOFF4275\Desktop\Dev\imdb-group-c\features\imbd-signin.feature">
            </property>
        </properties>
        <testcase name="Given that I am at the IMDb sing in option page" classname="imdb-sing-in;sign-in-with-imdb" time="10.4335032">
        </testcase>
        <testcase name="When click the on Sing in with IMDb" classname="imdb-sing-in;sign-in-with-imdb" time="1.1504274">
        </testcase>
        <testcase name="And type in the email : &quot;anton.fransen@hotmail.com&quot;" classname="imdb-sing-in;sign-in-with-imdb" time="0.144261799">
        </testcase>
        <testcase name="And type in the password : &quot;gifflar125&quot; + hit ENTER" classname="imdb-sing-in;sign-in-with-imdb" time="0.140035201">
        </testcase>
<<<<<<< Updated upstream
        <testcase name="Then I get a list of results" classname="imdb-search;search-for-keywords-using-the-&quot;keyword&quot;-filter">
>>>>>>> master
            <skipped message="">
            </skipped>
>>>>>>> master
=======
        <testcase name="Then I should get singnd in" classname="imdb-sing-in;sign-in-with-imdb" time="0.0342586">
            <failure message="NoSuchElementError: Unable to locate element: .ipc-button__text">NoSuchElementError: Unable to locate element: .ipc-button__text
    at Object.throwDecodedError (C:\Users\admin.LANTBOFF4275\Desktop\Dev\imdb-group-c\node_modules\selenium-webdriver\lib\error.js:497:15)
    at parseHttpResponse (C:\Users\admin.LANTBOFF4275\Desktop\Dev\imdb-group-c\node_modules\selenium-webdriver\lib\http.js:519:13)
    at C:\Users\admin.LANTBOFF4275\Desktop\Dev\imdb-group-c\node_modules\selenium-webdriver\lib\http.js:441:30
    at processTicksAndRejections (internal/process/task_queues.js:93:5)
From: Task: WebDriver.findElement(By(css selector, .ipc-button__text))
    at thenableWebDriverProxy.schedule (C:\Users\admin.LANTBOFF4275\Desktop\Dev\imdb-group-c\node_modules\selenium-webdriver\lib\webdriver.js:807:17)
    at thenableWebDriverProxy.findElement (C:\Users\admin.LANTBOFF4275\Desktop\Dev\imdb-group-c\node_modules\selenium-webdriver\lib\webdriver.js:1014:17)
    at createWorld.&lt;anonymous&gt; (C:\Users\admin.LANTBOFF4275\Desktop\Dev\imdb-group-c\step-definitions\imbd-signin.js:54:33)
    at processTicksAndRejections (internal/process/task_queues.js:75:11)</failure>
>>>>>>> Stashed changes
        </testcase>
    </testsuite>
</testsuites>