<?xml version="1.0" encoding="UTF-8"?>
<testsuites>
    <testsuite name="imdb-top-rated-movies;sort-list-by-imdb-ratings" tests="6" failures="0" skipped="1">
        <properties>
            <property name="URI" value="C:\Users\matti\OneDrive\Skrivbord\Programming\imdb-group-c\features\imdb-top-rated-movies.feature">
            </property>
        </properties>
        <testcase name="Given that I am at the IMDB homepage" classname="imdb-top-rated-movies;sort-list-by-imdb-ratings" time="8.500171">
        </testcase>
        <testcase name="And I have clicked on the menu button" classname="imdb-top-rated-movies;sort-list-by-imdb-ratings" time="2.0180746">
        </testcase>
        <testcase name="And I have clicked on top rated movies" classname="imdb-top-rated-movies;sort-list-by-imdb-ratings" time="3.6641667">
        </testcase>
        <testcase name="And that I am on the top rated movies page sorted by ranking" classname="imdb-top-rated-movies;sort-list-by-imdb-ratings" time="0.005885799">
        </testcase>
        <testcase name="When I select sort by IMDB ratings in the sort-by box" classname="imdb-top-rated-movies;sort-list-by-imdb-ratings" time="2.019231801">
        </testcase>
        <testcase name="Then the list should resort by IMDB ratings" classname="imdb-top-rated-movies;sort-list-by-imdb-ratings">
            <skipped message="">
            </skipped>
        </testcase>
    </testsuite>
    <testsuite name="imdb-top-rated-movies;sort-list-by-release-date" tests="6" failures="0" skipped="2">
        <properties>
            <property name="URI" value="C:\Users\matti\OneDrive\Skrivbord\Programming\imdb-group-c\features\imdb-top-rated-movies.feature">
            </property>
        </properties>
        <testcase name="Given that I am at the IMDB homepage" classname="imdb-top-rated-movies;sort-list-by-release-date" time="7.5460794">
        </testcase>
        <testcase name="And I have clicked on the menu button" classname="imdb-top-rated-movies;sort-list-by-release-date" time="2.005660901">
        </testcase>
        <testcase name="And I have clicked on top rated movies" classname="imdb-top-rated-movies;sort-list-by-release-date" time="4.5383733">
        </testcase>
        <testcase name="And that I am on the top rated movies page sorted by ranking" classname="imdb-top-rated-movies;sort-list-by-release-date" time="0.0164113">
        </testcase>
        <testcase name="When I select sort by release date in the sort-by box" classname="imdb-top-rated-movies;sort-list-by-release-date">
            <skipped message="">
            </skipped>
        </testcase>
        <testcase name="Then the list should resort by release date" classname="imdb-top-rated-movies;sort-list-by-release-date">
            <skipped message="">
            </skipped>
        </testcase>
    </testsuite>
    <testsuite name="imdb-top-rated-movies;sort-list-by-number-of-ratings" tests="6" failures="0" skipped="2">
        <properties>
            <property name="URI" value="C:\Users\matti\OneDrive\Skrivbord\Programming\imdb-group-c\features\imdb-top-rated-movies.feature">
            </property>
        </properties>
        <testcase name="Given that I am at the IMDB homepage" classname="imdb-top-rated-movies;sort-list-by-number-of-ratings" time="10.156503799">
        </testcase>
        <testcase name="And I have clicked on the menu button" classname="imdb-top-rated-movies;sort-list-by-number-of-ratings" time="2.0167862">
        </testcase>
        <testcase name="And I have clicked on top rated movies" classname="imdb-top-rated-movies;sort-list-by-number-of-ratings" time="4.0058621">
        </testcase>
        <testcase name="And that I am on the top rated movies page sorted by ranking" classname="imdb-top-rated-movies;sort-list-by-number-of-ratings" time="0.0074521">
        </testcase>
        <testcase name="When I select sort by number of ratings in the sort-by box" classname="imdb-top-rated-movies;sort-list-by-number-of-ratings">
            <skipped message="">
            </skipped>
        </testcase>
        <testcase name="Then the list should sort by number of ratings" classname="imdb-top-rated-movies;sort-list-by-number-of-ratings">
            <skipped message="">
            </skipped>
        </testcase>
    </testsuite>
</testsuites>