<?xml version="1.0" encoding="UTF-8"?>
<testsuites>
    <testsuite name="imdb-menu;get-the-list-of-the-top-250-movies" tests="4" failures="0" skipped="3">
        <properties>
            <property name="URI" value="C:/Users/insik/Documents/New folder/imdb-group-c/imdb-group-c/features/imdb-menu.feature">
            </property>
        </properties>
        <testcase name="Given that I am at the IMDB homepage" classname="imdb-menu;get-the-list-of-the-top-250-movies" time="13.336845899">
        </testcase>
        <testcase name="And I have clicked on the menu button" classname="imdb-menu;get-the-list-of-the-top-250-movies">
            <skipped message="">
            </skipped>
        </testcase>
        <testcase name="And I have clicked on top rated movies" classname="imdb-menu;get-the-list-of-the-top-250-movies">
            <skipped message="">
            </skipped>
        </testcase>
        <testcase name="Then I should be taken to the page with the list of top rated movies" classname="imdb-menu;get-the-list-of-the-top-250-movies">
            <skipped message="">
            </skipped>
        </testcase>
    </testsuite>
    <testsuite name="imdb-menu;sort-top-250-movies-list-by-number-of-ratings" tests="3" failures="0" skipped="3">
        <properties>
            <property name="URI" value="C:/Users/insik/Documents/New folder/imdb-group-c/imdb-group-c/features/imdb-menu.feature">
            </property>
        </properties>
        <testcase name="Given that I am on the top rated movies page" classname="imdb-menu;sort-top-250-movies-list-by-number-of-ratings">
            <skipped message="">
            </skipped>
        </testcase>
        <testcase name="When I select sort by number of ratings in the sort by box" classname="imdb-menu;sort-top-250-movies-list-by-number-of-ratings">
            <skipped message="">
            </skipped>
        </testcase>
        <testcase name="Then the list should resort by number of ratings" classname="imdb-menu;sort-top-250-movies-list-by-number-of-ratings">
            <skipped message="">
            </skipped>
        </testcase>
    </testsuite>
    <testsuite name="imdb-menu;get-the-list-of-the-most-popular-movies" tests="4" failures="0" skipped="3">
        <properties>
            <property name="URI" value="C:/Users/insik/Documents/New folder/imdb-group-c/imdb-group-c/features/imdb-menu.feature">
            </property>
        </properties>
        <testcase name="Given that I am at the IMDB homepage" classname="imdb-menu;get-the-list-of-the-most-popular-movies" time="11.6885974">
        </testcase>
        <testcase name="And I have clicked on the munu button" classname="imdb-menu;get-the-list-of-the-most-popular-movies">
            <skipped message="">
            </skipped>
        </testcase>
        <testcase name="And I have clicked on Most Popular Movies" classname="imdb-menu;get-the-list-of-the-most-popular-movies">
            <skipped message="">
            </skipped>
        </testcase>
        <testcase name="Then I should be directed to the Most Popular Movies page" classname="imdb-menu;get-the-list-of-the-most-popular-movies">
            <skipped message="">
            </skipped>
        </testcase>
    </testsuite>
    <testsuite name="imdb-most-popular-tv-shows;sort-list-by-imdb-rating" tests="6" failures="1" skipped="0">
        <properties>
            <property name="URI" value="C:/Users/insik/Documents/New folder/imdb-group-c/imdb-group-c/features/imdb-most-popular-tv-shows.feature">
            </property>
        </properties>
        <testcase name="Given that i am on the IMDB front page" classname="imdb-most-popular-tv-shows;sort-list-by-imdb-rating" time="9.6348722">
        </testcase>
        <testcase name="And i have clicked on the menu button" classname="imdb-most-popular-tv-shows;sort-list-by-imdb-rating" time="0.520506999">
        </testcase>
        <testcase name="And i have clicked on most popular shows" classname="imdb-most-popular-tv-shows;sort-list-by-imdb-rating" time="4.4562212">
        </testcase>
        <testcase name="And that I am on the most popular TV shows page sorted by ranking" classname="imdb-most-popular-tv-shows;sort-list-by-imdb-rating" time="0.1654301">
        </testcase>
        <testcase name="When I select sort by IMDB rating in the sort by box" classname="imdb-most-popular-tv-shows;sort-list-by-imdb-rating" time="0.515768399">
        </testcase>
        <testcase name="Then the list should be sorted by IMDB rating" classname="imdb-most-popular-tv-shows;sort-list-by-imdb-rating" time="2.8371832">
            <failure message="AssertionError: [message]: expected &apos;IMDb Rating&apos; to deeply equal &apos;&apos;">AssertionError: [message]: expected &apos;IMDb Rating&apos; to deeply equal &apos;&apos;
    at Function.assert.deepEqual (C:\Users\insik\Documents\New folder\imdb-group-c\imdb-group-c\node_modules\selenium-cucumber-js\node_modules\chai\lib\chai\interface\assert.js:216:32)
    at createWorld.&lt;anonymous&gt; (C:\Users\insik\Documents\New folder\imdb-group-c\imdb-group-c\step-definitions\imdb-menu-tv-shows.js:59:16)
    at processTicksAndRejections (internal/process/task_queues.js:93:5)</failure>
        </testcase>
    </testsuite>
    <testsuite name="imdb-most-popular-tv-shows;sort-list-by-release-date" tests="6" failures="0" skipped="0">
        <properties>
            <property name="URI" value="C:/Users/insik/Documents/New folder/imdb-group-c/imdb-group-c/features/imdb-most-popular-tv-shows.feature">
            </property>
        </properties>
        <testcase name="Given that i am on the IMDB front page" classname="imdb-most-popular-tv-shows;sort-list-by-release-date" time="12.5559297">
        </testcase>
        <testcase name="And i have clicked on the menu button" classname="imdb-most-popular-tv-shows;sort-list-by-release-date" time="0.5087562">
        </testcase>
        <testcase name="And i have clicked on most popular shows" classname="imdb-most-popular-tv-shows;sort-list-by-release-date" time="5.0613609">
        </testcase>
        <testcase name="And that I am on the most popular TV shows page sorted by ranking" classname="imdb-most-popular-tv-shows;sort-list-by-release-date" time="0.138925499">
        </testcase>
        <testcase name="When I select sort by release date in the sort by box" classname="imdb-most-popular-tv-shows;sort-list-by-release-date" time="0.5132606">
        </testcase>
        <testcase name="Then the list should be sorted by release date" classname="imdb-most-popular-tv-shows;sort-list-by-release-date" time="4.1812089">
        </testcase>
    </testsuite>
    <testsuite name="imdb-most-popular-tv-shows;sort-list-by-number-of-ratings" tests="6" failures="0" skipped="0">
        <properties>
            <property name="URI" value="C:/Users/insik/Documents/New folder/imdb-group-c/imdb-group-c/features/imdb-most-popular-tv-shows.feature">
            </property>
        </properties>
        <testcase name="Given that i am on the IMDB front page" classname="imdb-most-popular-tv-shows;sort-list-by-number-of-ratings" time="11.652112899">
        </testcase>
        <testcase name="And i have clicked on the menu button" classname="imdb-most-popular-tv-shows;sort-list-by-number-of-ratings" time="0.5316905">
        </testcase>
        <testcase name="And i have clicked on most popular shows" classname="imdb-most-popular-tv-shows;sort-list-by-number-of-ratings" time="3.619513301">
        </testcase>
        <testcase name="And that I am on the most popular TV shows page sorted by ranking" classname="imdb-most-popular-tv-shows;sort-list-by-number-of-ratings" time="0.0392508">
        </testcase>
        <testcase name="When I select sort by number of ratings in the sort by box" classname="imdb-most-popular-tv-shows;sort-list-by-number-of-ratings" time="0.511437399">
        </testcase>
        <testcase name="Then the list should be sorted by number of ratings" classname="imdb-most-popular-tv-shows;sort-list-by-number-of-ratings" time="6.443732399">
        </testcase>
    </testsuite>
    <testsuite name="imdb-search;search-for-keywords-using-the-&quot;all&quot;-filter" tests="5" failures="0" skipped="0">
        <properties>
            <property name="URI" value="C:/Users/insik/Documents/New folder/imdb-group-c/imdb-group-c/features/imdb-search.feature">
            </property>
        </properties>
        <testcase name="Given that I am at the IMDB website" classname="imdb-search;search-for-keywords-using-the-&quot;all&quot;-filter" time="11.0271246">
        </testcase>
        <testcase name="And I have selected the All filter from the drop down menu" classname="imdb-search;search-for-keywords-using-the-&quot;all&quot;-filter" time="0.031565199">
        </testcase>
        <testcase name="When I enter &quot;Avatar&quot; in the search field" classname="imdb-search;search-for-keywords-using-the-&quot;all&quot;-filter" time="0.0845157">
        </testcase>
        <testcase name="And I click the search button" classname="imdb-search;search-for-keywords-using-the-&quot;all&quot;-filter" time="0.2098063">
        </testcase>
        <testcase name="Then I get a list of results" classname="imdb-search;search-for-keywords-using-the-&quot;all&quot;-filter" time="2.501493">
        </testcase>
    </testsuite>
    <testsuite name="imdb-search;search-for-keywords-using-the-&quot;all&quot;-filter" tests="5" failures="0" skipped="0">
        <properties>
            <property name="URI" value="C:/Users/insik/Documents/New folder/imdb-group-c/imdb-group-c/features/imdb-search.feature">
            </property>
        </properties>
        <testcase name="Given that I am at the IMDB website" classname="imdb-search;search-for-keywords-using-the-&quot;all&quot;-filter" time="10.478979">
        </testcase>
        <testcase name="And I have selected the All filter from the drop down menu" classname="imdb-search;search-for-keywords-using-the-&quot;all&quot;-filter" time="0.051330501">
        </testcase>
        <testcase name="When I enter &quot;Breaking Bad&quot; in the search field" classname="imdb-search;search-for-keywords-using-the-&quot;all&quot;-filter" time="0.322259599">
        </testcase>
        <testcase name="And I click the search button" classname="imdb-search;search-for-keywords-using-the-&quot;all&quot;-filter" time="0.0218698">
        </testcase>
        <testcase name="Then I get a list of results" classname="imdb-search;search-for-keywords-using-the-&quot;all&quot;-filter" time="4.9754063">
        </testcase>
    </testsuite>
    <testsuite name="imdb-search;search-for-keywords-using-the-&quot;celebs&quot;-filter" tests="5" failures="1" skipped="3">
        <properties>
            <property name="URI" value="C:/Users/insik/Documents/New folder/imdb-group-c/imdb-group-c/features/imdb-search.feature">
            </property>
        </properties>
        <testcase name="Given that I am at the IMDB website" classname="imdb-search;search-for-keywords-using-the-&quot;celebs&quot;-filter" time="12.1619982">
        </testcase>
        <testcase name="And I have selected the Celebs filter from the drop down menu" classname="imdb-search;search-for-keywords-using-the-&quot;celebs&quot;-filter" time="0.3508832">
            <failure message="TypeError: Cannot read property &apos;click&apos; of null">TypeError: Cannot read property &apos;click&apos; of null
    at createWorld.&lt;anonymous&gt; (C:\Users\insik\Documents\New folder\imdb-group-c\imdb-group-c\step-definitions\imdb-search.js:52:22)
    at processTicksAndRejections (internal/process/task_queues.js:93:5)</failure>
        </testcase>
        <testcase name="When I enter &quot;Ben Affleck&quot; in the search field" classname="imdb-search;search-for-keywords-using-the-&quot;celebs&quot;-filter">
            <skipped message="">
            </skipped>
        </testcase>
        <testcase name="And I click the search button" classname="imdb-search;search-for-keywords-using-the-&quot;celebs&quot;-filter">
            <skipped message="">
            </skipped>
        </testcase>
        <testcase name="Then I get a list of results" classname="imdb-search;search-for-keywords-using-the-&quot;celebs&quot;-filter">
            <skipped message="">
            </skipped>
        </testcase>
    </testsuite>
    <testsuite name="imdb-search;search-for-keywords-using-the-&quot;celebs&quot;-filter" tests="5" failures="1" skipped="3">
        <properties>
            <property name="URI" value="C:/Users/insik/Documents/New folder/imdb-group-c/imdb-group-c/features/imdb-search.feature">
            </property>
        </properties>
        <testcase name="Given that I am at the IMDB website" classname="imdb-search;search-for-keywords-using-the-&quot;celebs&quot;-filter" time="9.765062099">
        </testcase>
        <testcase name="And I have selected the Celebs filter from the drop down menu" classname="imdb-search;search-for-keywords-using-the-&quot;celebs&quot;-filter" time="0.337826699">
            <failure message="TypeError: Cannot read property &apos;click&apos; of null">TypeError: Cannot read property &apos;click&apos; of null
    at createWorld.&lt;anonymous&gt; (C:\Users\insik\Documents\New folder\imdb-group-c\imdb-group-c\step-definitions\imdb-search.js:52:22)
    at processTicksAndRejections (internal/process/task_queues.js:93:5)</failure>
        </testcase>
        <testcase name="When I enter &quot;Halle Berry&quot; in the search field" classname="imdb-search;search-for-keywords-using-the-&quot;celebs&quot;-filter">
            <skipped message="">
            </skipped>
        </testcase>
        <testcase name="And I click the search button" classname="imdb-search;search-for-keywords-using-the-&quot;celebs&quot;-filter">
            <skipped message="">
            </skipped>
        </testcase>
        <testcase name="Then I get a list of results" classname="imdb-search;search-for-keywords-using-the-&quot;celebs&quot;-filter">
            <skipped message="">
            </skipped>
        </testcase>
    </testsuite>
    <testsuite name="imdb-search;search-for-keywords-using-the-&quot;celebs&quot;-filter" tests="5" failures="0" skipped="0">
        <properties>
            <property name="URI" value="C:/Users/insik/Documents/New folder/imdb-group-c/imdb-group-c/features/imdb-search.feature">
            </property>
        </properties>
        <testcase name="Given that I am at the IMDB website" classname="imdb-search;search-for-keywords-using-the-&quot;celebs&quot;-filter" time="8.1573744">
        </testcase>
        <testcase name="And I have selected the Celebs filter from the drop down menu" classname="imdb-search;search-for-keywords-using-the-&quot;celebs&quot;-filter" time="0.284548101">
        </testcase>
        <testcase name="When I enter &quot;Avatar&quot; in the search field" classname="imdb-search;search-for-keywords-using-the-&quot;celebs&quot;-filter" time="0.3861949">
        </testcase>
        <testcase name="And I click the search button" classname="imdb-search;search-for-keywords-using-the-&quot;celebs&quot;-filter" time="0.077695801">
        </testcase>
        <testcase name="Then I get a list of results" classname="imdb-search;search-for-keywords-using-the-&quot;celebs&quot;-filter" time="3.585650201">
        </testcase>
    </testsuite>
    <testsuite name="imdb-search;search-for-keywords-using-the-&quot;keyword&quot;-filter" tests="5" failures="0" skipped="0">
        <properties>
            <property name="URI" value="C:/Users/insik/Documents/New folder/imdb-group-c/imdb-group-c/features/imdb-search.feature">
            </property>
        </properties>
        <testcase name="Given that I am at the IMDB website" classname="imdb-search;search-for-keywords-using-the-&quot;keyword&quot;-filter" time="8.3991287">
        </testcase>
        <testcase name="And I have selected the Keyword filter from the drop down menu" classname="imdb-search;search-for-keywords-using-the-&quot;keyword&quot;-filter" time="0.3067806">
        </testcase>
        <testcase name="When I enter &quot;Cars&quot; in the search field" classname="imdb-search;search-for-keywords-using-the-&quot;keyword&quot;-filter" time="0.339994199">
        </testcase>
        <testcase name="And I click the search button" classname="imdb-search;search-for-keywords-using-the-&quot;keyword&quot;-filter" time="0.0707907">
        </testcase>
        <testcase name="Then I get a list of results" classname="imdb-search;search-for-keywords-using-the-&quot;keyword&quot;-filter" time="2.4865297">
        </testcase>
    </testsuite>
    <testsuite name="imdb-search;search-for-keywords-using-the-&quot;keyword&quot;-filter" tests="5" failures="0" skipped="0">
        <properties>
            <property name="URI" value="C:/Users/insik/Documents/New folder/imdb-group-c/imdb-group-c/features/imdb-search.feature">
            </property>
        </properties>
        <testcase name="Given that I am at the IMDB website" classname="imdb-search;search-for-keywords-using-the-&quot;keyword&quot;-filter" time="11.4405251">
        </testcase>
        <testcase name="And I have selected the Keyword filter from the drop down menu" classname="imdb-search;search-for-keywords-using-the-&quot;keyword&quot;-filter" time="0.3216901">
        </testcase>
        <testcase name="When I enter &quot;Clown&quot; in the search field" classname="imdb-search;search-for-keywords-using-the-&quot;keyword&quot;-filter" time="0.3982157">
        </testcase>
        <testcase name="And I click the search button" classname="imdb-search;search-for-keywords-using-the-&quot;keyword&quot;-filter" time="0.073802899">
        </testcase>
        <testcase name="Then I get a list of results" classname="imdb-search;search-for-keywords-using-the-&quot;keyword&quot;-filter" time="2.598021401">
        </testcase>
    </testsuite>
    <testsuite name="imdb-top-rated-tv-shows;sort-list-by-imdb-rating" tests="6" failures="0" skipped="4">
        <properties>
            <property name="URI" value="C:/Users/insik/Documents/New folder/imdb-group-c/imdb-group-c/features/imdb-top-rated-tv-shows.feature">
            </property>
        </properties>
        <testcase name="Given that i am on the IMDB front page" classname="imdb-top-rated-tv-shows;sort-list-by-imdb-rating" time="10.219917901">
        </testcase>
        <testcase name="And i have clicked on the menu button" classname="imdb-top-rated-tv-shows;sort-list-by-imdb-rating" time="0.511052399">
        </testcase>
        <testcase name="And i have clicked on top rated shows" classname="imdb-top-rated-tv-shows;sort-list-by-imdb-rating">
            <skipped message="">
            </skipped>
        </testcase>
        <testcase name="And that I am on the top rated TV shows page sorted by ranking" classname="imdb-top-rated-tv-shows;sort-list-by-imdb-rating">
            <skipped message="">
            </skipped>
        </testcase>
        <testcase name="When I select sort by IMDB rating in the sort by box" classname="imdb-top-rated-tv-shows;sort-list-by-imdb-rating">
            <skipped message="">
            </skipped>
        </testcase>
        <testcase name="Then the list should be sorted by IMDB rating" classname="imdb-top-rated-tv-shows;sort-list-by-imdb-rating">
            <skipped message="">
            </skipped>
        </testcase>
    </testsuite>
    <testsuite name="imdb-top-rated-tv-shows;sort-list-by-number-of-ratings" tests="6" failures="0" skipped="4">
        <properties>
            <property name="URI" value="C:/Users/insik/Documents/New folder/imdb-group-c/imdb-group-c/features/imdb-top-rated-tv-shows.feature">
            </property>
        </properties>
        <testcase name="Given that i am on the IMDB front page" classname="imdb-top-rated-tv-shows;sort-list-by-number-of-ratings" time="9.8222969">
        </testcase>
        <testcase name="And i have clicked on the menu button" classname="imdb-top-rated-tv-shows;sort-list-by-number-of-ratings" time="0.509136401">
        </testcase>
        <testcase name="And i have clicked on top rated shows" classname="imdb-top-rated-tv-shows;sort-list-by-number-of-ratings">
            <skipped message="">
            </skipped>
        </testcase>
        <testcase name="And that I am on the top rated TV shows page sorted by ranking" classname="imdb-top-rated-tv-shows;sort-list-by-number-of-ratings">
            <skipped message="">
            </skipped>
        </testcase>
        <testcase name="When I select sort by number of ratings in the sort by box" classname="imdb-top-rated-tv-shows;sort-list-by-number-of-ratings">
            <skipped message="">
            </skipped>
        </testcase>
        <testcase name="Then the list should be sorted by number of ratings" classname="imdb-top-rated-tv-shows;sort-list-by-number-of-ratings">
            <skipped message="">
            </skipped>
        </testcase>
    </testsuite>
    <testsuite name="imdb-top-rated-tv-shows;sort-list-by-release-date" tests="6" failures="0" skipped="4">
        <properties>
            <property name="URI" value="C:/Users/insik/Documents/New folder/imdb-group-c/imdb-group-c/features/imdb-top-rated-tv-shows.feature">
            </property>
        </properties>
        <testcase name="Given that i am on the IMDB front page" classname="imdb-top-rated-tv-shows;sort-list-by-release-date" time="8.9369769">
        </testcase>
        <testcase name="And i have clicked on the menu button" classname="imdb-top-rated-tv-shows;sort-list-by-release-date" time="0.5135809">
        </testcase>
        <testcase name="And i have clicked on top rated shows" classname="imdb-top-rated-tv-shows;sort-list-by-release-date">
            <skipped message="">
            </skipped>
        </testcase>
        <testcase name="And that I am on the top rated TV shows page sorted by ranking" classname="imdb-top-rated-tv-shows;sort-list-by-release-date">
            <skipped message="">
            </skipped>
        </testcase>
        <testcase name="When I select sort by release date in the sort by box" classname="imdb-top-rated-tv-shows;sort-list-by-release-date">
            <skipped message="">
            </skipped>
        </testcase>
        <testcase name="Then the list should be sorted by release date" classname="imdb-top-rated-tv-shows;sort-list-by-release-date">
            <skipped message="">
            </skipped>
        </testcase>
    </testsuite>
    <testsuite name="imdb-top-rated-movies;get-the-list-of-movies" tests="4" failures="0" skipped="3">
        <properties>
            <property name="URI" value="C:/Users/insik/Documents/New folder/imdb-group-c/imdb-group-c/features/imdb-top-rated.feature">
            </property>
        </properties>
        <testcase name="Given that I am at the IMDB homepage" classname="imdb-top-rated-movies;get-the-list-of-movies" time="10.765429199">
        </testcase>
        <testcase name="And I have clicked on the menu button" classname="imdb-top-rated-movies;get-the-list-of-movies">
            <skipped message="">
            </skipped>
        </testcase>
        <testcase name="And I have clicked on top rated movies" classname="imdb-top-rated-movies;get-the-list-of-movies">
            <skipped message="">
            </skipped>
        </testcase>
        <testcase name="Then I should be taken to the page with the list of top rated movies" classname="imdb-top-rated-movies;get-the-list-of-movies">
            <skipped message="">
            </skipped>
        </testcase>
    </testsuite>
    <testsuite name="imdb-top-rated-movies;sort-list-by-number-of-ratings" tests="3" failures="0" skipped="3">
        <properties>
            <property name="URI" value="C:/Users/insik/Documents/New folder/imdb-group-c/imdb-group-c/features/imdb-top-rated.feature">
            </property>
        </properties>
        <testcase name="Given that I am on the top rated movies page" classname="imdb-top-rated-movies;sort-list-by-number-of-ratings">
            <skipped message="">
            </skipped>
        </testcase>
        <testcase name="When I select sort by number of ratings in the sort by box" classname="imdb-top-rated-movies;sort-list-by-number-of-ratings">
            <skipped message="">
            </skipped>
        </testcase>
        <testcase name="Then the list should resort by number of ratings" classname="imdb-top-rated-movies;sort-list-by-number-of-ratings">
            <skipped message="">
            </skipped>
        </testcase>
    </testsuite>
</testsuites>