<?xml version="1.0" encoding="UTF-8"?>
<testsuites>
    <testsuite name="imdb-top-rated-tv-shows;sort-list-by-imdb-rating" tests="6" failures="0" skipped="6">
        <properties>
            <property name="URI" value="C:\Users\insik\Documents\New folder\imdb-group-c\imdb-group-c\features\imdb-top-rated-tv-shows.feature">
            </property>
        </properties>
        <testcase name="Given that i am on the IMDB front page" classname="imdb-top-rated-tv-shows;sort-list-by-imdb-rating">
            <skipped message="">
            </skipped>
        </testcase>
        <testcase name="And i have clicked on the menu button" classname="imdb-top-rated-tv-shows;sort-list-by-imdb-rating">
            <skipped message="">
            </skipped>
        </testcase>
        <testcase name="And i have clicked on top rated shows" classname="imdb-top-rated-tv-shows;sort-list-by-imdb-rating">
            <skipped message="">
            </skipped>
        </testcase>
        <testcase name="And that I am on the top rated TV shows page" classname="imdb-top-rated-tv-shows;sort-list-by-imdb-rating">
            <skipped message="">
            </skipped>
        </testcase>
        <testcase name="When I select sort by IMDB rating in the sort by box" classname="imdb-top-rated-tv-shows;sort-list-by-imdb-rating">
            <skipped message="">
            </skipped>
        </testcase>
        <testcase name="Then the list should be sorted by IMDB rating" classname="imdb-top-rated-tv-shows;sort-list-by-imdb-rating">
            <skipped message="">
            </skipped>
        </testcase>
    </testsuite>
    <testsuite name="imdb-top-rated-tv-shows;sort-list-by-number-of-ratings" tests="6" failures="0" skipped="6">
        <properties>
            <property name="URI" value="C:\Users\insik\Documents\New folder\imdb-group-c\imdb-group-c\features\imdb-top-rated-tv-shows.feature">
            </property>
        </properties>
        <testcase name="Given that i am on the IMDB front page" classname="imdb-top-rated-tv-shows;sort-list-by-number-of-ratings">
            <skipped message="">
            </skipped>
        </testcase>
        <testcase name="And i have clicked on the menu button" classname="imdb-top-rated-tv-shows;sort-list-by-number-of-ratings">
            <skipped message="">
            </skipped>
        </testcase>
        <testcase name="And i have clicked on top rated shows" classname="imdb-top-rated-tv-shows;sort-list-by-number-of-ratings">
            <skipped message="">
            </skipped>
        </testcase>
        <testcase name="And that I am on the top rated TV shows page" classname="imdb-top-rated-tv-shows;sort-list-by-number-of-ratings">
            <skipped message="">
            </skipped>
        </testcase>
        <testcase name="When I select sort by number of ratings in the sort by box" classname="imdb-top-rated-tv-shows;sort-list-by-number-of-ratings">
            <skipped message="">
            </skipped>
        </testcase>
        <testcase name="Then the list should be sorted by number of ratings" classname="imdb-top-rated-tv-shows;sort-list-by-number-of-ratings">
            <skipped message="">
            </skipped>
        </testcase>
    </testsuite>
    <testsuite name="imdb-top-rated-tv-shows;sort-list-by-release-date" tests="6" failures="0" skipped="6">
        <properties>
            <property name="URI" value="C:\Users\insik\Documents\New folder\imdb-group-c\imdb-group-c\features\imdb-top-rated-tv-shows.feature">
            </property>
        </properties>
        <testcase name="Given that i am on the IMDB front page" classname="imdb-top-rated-tv-shows;sort-list-by-release-date">
            <skipped message="">
            </skipped>
        </testcase>
        <testcase name="And i have clicked on the menu button" classname="imdb-top-rated-tv-shows;sort-list-by-release-date">
            <skipped message="">
            </skipped>
        </testcase>
        <testcase name="And i have clicked on top rated shows" classname="imdb-top-rated-tv-shows;sort-list-by-release-date">
            <skipped message="">
            </skipped>
        </testcase>
        <testcase name="And that I am on the top rated TV shows page" classname="imdb-top-rated-tv-shows;sort-list-by-release-date">
            <skipped message="">
            </skipped>
        </testcase>
        <testcase name="When I select sort by release date in the sort by box" classname="imdb-top-rated-tv-shows;sort-list-by-release-date">
            <skipped message="">
            </skipped>
        </testcase>
        <testcase name="Then the list should be sorted by release date" classname="imdb-top-rated-tv-shows;sort-list-by-release-date">
            <skipped message="">
            </skipped>
        </testcase>
    </testsuite>
    <testsuite name="imdb-top-rated-tv-shows;sort-list-by-release-date" tests="6" failures="0" skipped="6">
        <properties>
            <property name="URI" value="C:\Users\insik\Documents\New folder\imdb-group-c\imdb-group-c\features\imdb-top-rated-tv-shows.feature">
            </property>
        </properties>
        <testcase name="Given that i am on the IMDB front page" classname="imdb-top-rated-tv-shows;sort-list-by-release-date">
            <skipped message="">
            </skipped>
        </testcase>
        <testcase name="And i have clicked on the menu button" classname="imdb-top-rated-tv-shows;sort-list-by-release-date">
            <skipped message="">
            </skipped>
        </testcase>
        <testcase name="And i have clicked on top rated shows" classname="imdb-top-rated-tv-shows;sort-list-by-release-date">
            <skipped message="">
            </skipped>
        </testcase>
        <testcase name="And that I am on the top rated TV shows page" classname="imdb-top-rated-tv-shows;sort-list-by-release-date">
            <skipped message="">
            </skipped>
        </testcase>
        <testcase name="When I select sort by release date in the sort by box" classname="imdb-top-rated-tv-shows;sort-list-by-release-date">
            <skipped message="">
            </skipped>
        </testcase>
        <testcase name="Then the list should be sorted by release date" classname="imdb-top-rated-tv-shows;sort-list-by-release-date">
            <skipped message="">
            </skipped>
        </testcase>
    </testsuite>
</testsuites>